# JRE version: OpenJDK Runtime Environment (11.0.16+8) (build 11.0.16+8-post-Ubuntu-0ubuntu120.04)
# Java VM: OpenJDK 64-Bit Server VM (11.0.16+8-post-Ubuntu-0ubuntu120.04, mixed mode, sharing, tiered, compressed oops, g1 gc, linux-amd64)
Heap:
 garbage-first heap   total 164864K, used 34167K [0x00000000a3c00000, 0x0000000100000000)
  region size 1024K, 25 young (25600K), 9 survivors (9216K)
 Metaspace       used 35743K, capacity 36742K, committed 37120K, reserved 1081344K
  class space    used 3819K, capacity 4260K, committed 4352K, reserved 1048576K
GC Heap History (20 events):
Event: 0.225 GC heap before
{Heap before GC invocations=0 (full 0):
 garbage-first heap   total 98304K, used 7884K [0x00000000a3c00000, 0x0000000100000000)
  region size 1024K, 7 young (7168K), 0 survivors (0K)
 Metaspace       used 549K, capacity 4486K, committed 4864K, reserved 1056768K
  class space    used 20K, capacity 386K, committed 512K, reserved 1048576K
}
Event: 0.231 GC heap after
{Heap after GC invocations=1 (full 0):
 garbage-first heap   total 98304K, used 6450K [0x00000000a3c00000, 0x0000000100000000)
  region size 1024K, 1 young (1024K), 1 survivors (1024K)
 Metaspace       used 549K, capacity 4486K, committed 4864K, reserved 1056768K
  class space    used 20K, capacity 386K, committed 512K, reserved 1048576K
}
Event: 0.311 GC heap before
{Heap before GC invocations=1 (full 0):
 garbage-first heap   total 98304K, used 9522K [0x00000000a3c00000, 0x0000000100000000)
  region size 1024K, 5 young (5120K), 1 survivors (1024K)
 Metaspace       used 1059K, capacity 4672K, committed 4864K, reserved 1056768K
  class space    used 75K, capacity 428K, committed 512K, reserved 1048576K
}
Event: 0.316 GC heap after
{Heap after GC invocations=2 (full 0):
 garbage-first heap   total 98304K, used 8069K [0x00000000a3c00000, 0x0000000100000000)
  region size 1024K, 1 young (1024K), 1 survivors (1024K)
 Metaspace       used 1059K, capacity 4672K, committed 4864K, reserved 1056768K
  class space    used 75K, capacity 428K, committed 512K, reserved 1048576K
}
Event: 0.422 GC heap before
{Heap before GC invocations=2 (full 0):
 garbage-first heap   total 98304K, used 14213K [0x00000000a3c00000, 0x0000000100000000)
  region size 1024K, 8 young (8192K), 1 survivors (1024K)
 Metaspace       used 3119K, capacity 5060K, committed 5120K, reserved 1056768K
  class space    used 288K, capacity 476K, committed 512K, reserved 1048576K
}
Event: 0.424 GC heap after
{Heap after GC invocations=3 (full 0):
 garbage-first heap   total 98304K, used 11205K [0x00000000a3c00000, 0x0000000100000000)
  region size 1024K, 1 young (1024K), 1 survivors (1024K)
 Metaspace       used 3119K, capacity 5060K, committed 5120K, reserved 1056768K
  class space    used 288K, capacity 476K, committed 512K, reserved 1048576K
}
Event: 0.596 GC heap before
{Heap before GC invocations=3 (full 0):
 garbage-first heap   total 98304K, used 23493K [0x00000000a3c00000, 0x0000000100000000)
  region size 1024K, 14 young (14336K), 1 survivors (1024K)
 Metaspace       used 4873K, capacity 6079K, committed 6272K, reserved 1056768K
  class space    used 466K, capacity 603K, committed 640K, reserved 1048576K
}
Event: 0.598 GC heap after
{Heap after GC invocations=4 (full 0):
 garbage-first heap   total 98304K, used 11604K [0x00000000a3c00000, 0x0000000100000000)
  region size 1024K, 2 young (2048K), 2 survivors (2048K)
 Metaspace       used 4873K, capacity 6079K, committed 6272K, reserved 1056768K
  class space    used 466K, capacity 603K, committed 640K, reserved 1048576K
}
Event: 0.667 GC heap before
{Heap before GC invocations=4 (full 0):
 garbage-first heap   total 98304K, used 33108K [0x00000000a3c00000, 0x0000000100000000)
  region size 1024K, 23 young (23552K), 2 survivors (2048K)
 Metaspace       used 5537K, capacity 6427K, committed 6656K, reserved 1056768K
  class space    used 551K, capacity 657K, committed 768K, reserved 1048576K
}
Event: 0.669 GC heap after
{Heap after GC invocations=5 (full 0):
 garbage-first heap   total 131072K, used 11728K [0x00000000a3c00000, 0x0000000100000000)
  region size 1024K, 2 young (2048K), 2 survivors (2048K)
 Metaspace       used 5537K, capacity 6427K, committed 6656K, reserved 1056768K
  class space    used 551K, capacity 657K, committed 768K, reserved 1048576K
}
Event: 0.756 GC heap before
{Heap before GC invocations=5 (full 0):
 garbage-first heap   total 131072K, used 51664K [0x00000000a3c00000, 0x0000000100000000)
  region size 1024K, 41 young (41984K), 2 survivors (2048K)
 Metaspace       used 6477K, capacity 7323K, committed 7552K, reserved 1056768K
  class space    used 681K, capacity 785K, committed 896K, reserved 1048576K
}
Event: 0.759 GC heap after
{Heap after GC invocations=6 (full 0):
 garbage-first heap   total 131072K, used 11904K [0x00000000a3c00000, 0x0000000100000000)
  region size 1024K, 2 young (2048K), 2 survivors (2048K)
 Metaspace       used 6477K, capacity 7323K, committed 7552K, reserved 1056768K
  class space    used 681K, capacity 785K, committed 896K, reserved 1048576K
}
Event: 0.917 GC heap before
{Heap before GC invocations=6 (full 0):
 garbage-first heap   total 131072K, used 70272K [0x00000000a3c00000, 0x0000000100000000)
  region size 1024K, 59 young (60416K), 2 survivors (2048K)
 Metaspace       used 7688K, capacity 8186K, committed 8448K, reserved 1056768K
  class space    used 840K, capacity 921K, committed 1024K, reserved 1048576K
}
Event: 0.922 GC heap after
{Heap after GC invocations=7 (full 0):
 garbage-first heap   total 131072K, used 12832K [0x00000000a3c00000, 0x0000000100000000)
  region size 1024K, 3 young (3072K), 3 survivors (3072K)
 Metaspace       used 7688K, capacity 8186K, committed 8448K, reserved 1056768K
  class space    used 840K, capacity 921K, committed 1024K, reserved 1048576K
}
Event: 1.149 GC heap before
{Heap before GC invocations=7 (full 0):
 garbage-first heap   total 131072K, used 80416K [0x00000000a3c00000, 0x0000000100000000)
  region size 1024K, 69 young (70656K), 3 survivors (3072K)
 Metaspace       used 10847K, capacity 11198K, committed 11392K, reserved 1058816K
  class space    used 1264K, capacity 1396K, committed 1408K, reserved 1048576K
}
Event: 1.155 GC heap after
{Heap after GC invocations=8 (full 0):
 garbage-first heap   total 131072K, used 13871K [0x00000000a3c00000, 0x0000000100000000)
  region size 1024K, 4 young (4096K), 4 survivors (4096K)
 Metaspace       used 10847K, capacity 11198K, committed 11392K, reserved 1058816K
  class space    used 1264K, capacity 1396K, committed 1408K, reserved 1048576K
}
Event: 1.661 GC heap before
{Heap before GC invocations=8 (full 0):
 garbage-first heap   total 131072K, used 68143K [0x00000000a3c00000, 0x0000000100000000)
  region size 1024K, 58 young (59392K), 4 survivors (4096K)
 Metaspace       used 20415K, capacity 21095K, committed 21248K, reserved 1067008K
  class space    used 2429K, capacity 2745K, committed 2816K, reserved 1048576K
}
Event: 1.668 GC heap after
{Heap after GC invocations=9 (full 0):
 garbage-first heap   total 164864K, used 15782K [0x00000000a3c00000, 0x0000000100000000)
  region size 1024K, 6 young (6144K), 6 survivors (6144K)
 Metaspace       used 20415K, capacity 21095K, committed 21248K, reserved 1067008K
  class space    used 2429K, capacity 2745K, committed 2816K, reserved 1048576K
}
Event: 9.105 GC heap before
{Heap before GC invocations=10 (full 0):
 garbage-first heap   total 164864K, used 88486K [0x00000000a3c00000, 0x0000000100000000)
  region size 1024K, 79 young (80896K), 6 survivors (6144K)
 Metaspace       used 34651K, capacity 35664K, committed 35840K, reserved 1081344K
  class space    used 3776K, capacity 4245K, committed 4352K, reserved 1048576K
}
Event: 9.128 GC heap after
{Heap after GC invocations=11 (full 0):
 garbage-first heap   total 164864K, used 18807K [0x00000000a3c00000, 0x0000000100000000)
  region size 1024K, 9 young (9216K), 9 survivors (9216K)
 Metaspace       used 34651K, capacity 35664K, committed 35840K, reserved 1081344K
  class space    used 3776K, capacity 4245K, committed 4352K, reserved 1048576K
}

